Financiapp/build/intermediates/manifest_merge_blame_file/debug/manifest-merger-blame-debug-report.txt
1<?xml version="1.0" encoding="utf-8"?>
2<manifest xmlns:android="http://schemas.android.com/apk/res/android"
3    package="com.example.financiapp"
4    android:versionCode="1"
5    android:versionName="1.0" >
6
7    <uses-sdk
8        android:minSdkVersion="26"
9        android:targetSdkVersion="34" />
10
11    <uses-permission android:name="android.permission.INTERNET" />
11-->src\main\AndroidManifest.xml:5:5-67
11-->src\main\AndroidManifest.xml:5:22-64
12    <uses-permission android:name="android.permission.WRITE_EXTERNAL_STORAGE" /> <!-- Although the *SdkVersion is captured in gradle build files, this is required for non gradle builds -->
12-->src\main\AndroidManifest.xml:6:5-81
12-->src\main\AndroidManifest.xml:6:22-78
13    <!-- <uses-sdk android:minSdkVersion="21" /> -->
14    <uses-permission android:name="android.permission.ACCESS_NETWORK_STATE" />
14-->[com.google.firebase:firebase-firestore:25.0.0] AndroidManifest.xml:10:5-79
14-->[com.google.firebase:firebase-firestore:25.0.0] AndroidManifest.xml:10:22-76
15    <uses-permission android:name="android.permission.WAKE_LOCK" />
15-->[com.google.android.gms:play-services-measurement-api:22.0.0] AndroidManifest.xml:24:5-68
15-->[com.google.android.gms:play-services-measurement-api:22.0.0] AndroidManifest.xml:24:22-65
16    <uses-permission android:name="com.google.android.gms.permission.AD_ID" />
16-->[com.google.android.gms:play-services-measurement-api:22.0.0] AndroidManifest.xml:25:5-79
16-->[com.google.android.gms:play-services-measurement-api:22.0.0] AndroidManifest.xml:25:22-76
17    <uses-permission android:name="android.permission.ACCESS_ADSERVICES_ATTRIBUTION" />
17-->[com.google.android.gms:play-services-measurement-api:22.0.0] AndroidManifest.xml:26:5-88
17-->[com.google.android.gms:play-services-measurement-api:22.0.0] AndroidManifest.xml:26:22-85
18    <uses-permission android:name="android.permission.ACCESS_ADSERVICES_AD_ID" />
18-->[com.google.android.gms:play-services-measurement-api:22.0.0] AndroidManifest.xml:27:5-82
18-->[com.google.android.gms:play-services-measurement-api:22.0.0] AndroidManifest.xml:27:22-79
19    <uses-permission android:name="com.google.android.providers.gsf.permission.READ_GSERVICES" />
19-->[com.google.android.recaptcha:recaptcha:18.4.0] AndroidManifest.xml:9:5-98
19-->[com.google.android.recaptcha:recaptcha:18.4.0] AndroidManifest.xml:9:22-95
20    <uses-permission android:name="com.google.android.finsky.permission.BIND_GET_INSTALL_REFERRER_SERVICE" />
20-->[com.google.android.gms:play-services-measurement:22.0.0] AndroidManifest.xml:26:5-110
20-->[com.google.android.gms:play-services-measurement:22.0.0] AndroidManifest.xml:26:22-107
21
22    <permission
22-->[androidx.core:core:1.9.0] AndroidManifest.xml:22:5-24:47
23        android:name="com.example.financiapp.DYNAMIC_RECEIVER_NOT_EXPORTED_PERMISSION"
23-->[androidx.core:core:1.9.0] AndroidManifest.xml:23:9-81
24        android:protectionLevel="signature" />
24-->[androidx.core:core:1.9.0] AndroidManifest.xml:24:9-44
25
26    <uses-permission android:name="com.example.financiapp.DYNAMIC_RECEIVER_NOT_EXPORTED_PERMISSION" />
26-->[androidx.core:core:1.9.0] AndroidManifest.xml:26:5-97
26-->[androidx.core:core:1.9.0] AndroidManifest.xml:26:22-94
27
28    <application
28-->src\main\AndroidManifest.xml:8:5-123:19
29        android:allowBackup="true"
29-->src\main\AndroidManifest.xml:9:9-35
30        android:appComponentFactory="androidx.core.app.CoreComponentFactory"
30-->[androidx.core:core:1.9.0] AndroidManifest.xml:28:18-86
31        android:dataExtractionRules="@xml/data_extraction_rules"
31-->src\main\AndroidManifest.xml:10:9-65
32        android:debuggable="true"
33        android:extractNativeLibs="false"
34        android:fullBackupContent="@xml/backup_rules"
34-->src\main\AndroidManifest.xml:11:9-54
35        android:icon="@mipmap/ic_launcher"
35-->src\main\AndroidManifest.xml:12:9-43
36        android:label="@string/app_name"
36-->src\main\AndroidManifest.xml:13:9-41
37        android:roundIcon="@mipmap/ic_launcher_round"
37-->src\main\AndroidManifest.xml:14:9-54
38        android:supportsRtl="true"
38-->src\main\AndroidManifest.xml:15:9-35
39        android:testOnly="true"
40        android:theme="@style/Theme.Financiapp" >
40-->src\main\AndroidManifest.xml:16:9-48
41        <activity
41-->src\debug\AndroidManifest.xml:4:9-12:20
42            android:name="com.example.financiapp.SignUpActivity"
42-->src\debug\AndroidManifest.xml:5:13-65
43            android:exported="false" >
43-->src\debug\AndroidManifest.xml:6:13-37
44            <meta-data
44-->src\main\AndroidManifest.xml:21:13-23:36
45                android:name="android.app.lib_name"
45-->src\main\AndroidManifest.xml:22:17-52
46                android:value="" />
46-->src\main\AndroidManifest.xml:23:17-33
47        </activity>
48        <activity
48-->src\main\AndroidManifest.xml:18:9-24:20
49            android:name="com.example.financiapp.Inicio"
49-->src\main\AndroidManifest.xml:19:13-35
50            android:exported="false" >
50-->src\main\AndroidManifest.xml:20:13-37
51            <meta-data
51-->src\main\AndroidManifest.xml:21:13-23:36
52                android:name="android.app.lib_name"
52-->src\main\AndroidManifest.xml:22:17-52
53                android:value="" />
53-->src\main\AndroidManifest.xml:23:17-33
54        </activity>
55        <activity
55-->src\main\AndroidManifest.xml:25:9-31:20
56            android:name="com.example.financiapp.AmortizacionActivity"
56-->src\main\AndroidManifest.xml:26:13-49
57            android:exported="false" >
57-->src\main\AndroidManifest.xml:27:13-37
58            <meta-data
58-->src\main\AndroidManifest.xml:21:13-23:36
59                android:name="android.app.lib_name"
59-->src\main\AndroidManifest.xml:22:17-52
60                android:value="" />
60-->src\main\AndroidManifest.xml:23:17-33
61        </activity>
62        <activity
62-->src\main\AndroidManifest.xml:32:9-39:20
63            android:name="com.example.financiapp.MainActivityQDS3"
63-->src\main\AndroidManifest.xml:33:13-45
64            android:exported="false"
64-->src\main\AndroidManifest.xml:34:13-37
65            android:screenOrientation="portrait" >
65-->src\main\AndroidManifest.xml:35:13-49
66            <meta-data
66-->src\main\AndroidManifest.xml:21:13-23:36
67                android:name="android.app.lib_name"
67-->src\main\AndroidManifest.xml:22:17-52
68                android:value="" />
68-->src\main\AndroidManifest.xml:23:17-33
69        </activity>
70        <activity
70-->src\main\AndroidManifest.xml:40:9-53:20
71            android:name="com.example.financiapp.SplashActivity"
71-->src\main\AndroidManifest.xml:41:13-43
72            android:exported="true"
72-->src\main\AndroidManifest.xml:42:13-36
73            android:screenOrientation="portrait" >
73-->src\main\AndroidManifest.xml:43:13-49
74            <meta-data
74-->src\main\AndroidManifest.xml:21:13-23:36
75                android:name="android.app.lib_name"
75-->src\main\AndroidManifest.xml:22:17-52
76                android:value="" />
76-->src\main\AndroidManifest.xml:23:17-33
77
78            <intent-filter>
78-->src\main\AndroidManifest.xml:48:13-52:29
79                <action android:name="android.intent.action.MAIN" />
79-->src\main\AndroidManifest.xml:49:17-69
79-->src\main\AndroidManifest.xml:49:25-66
80
81                <category android:name="android.intent.category.LAUNCHER" />
81-->src\main\AndroidManifest.xml:51:17-77
81-->src\main\AndroidManifest.xml:51:27-74
82            </intent-filter>
83        </activity>
84        <activity
84-->src\main\AndroidManifest.xml:54:9-61:20
85            android:name="com.example.financiapp.MainActivityQDS"
85-->src\main\AndroidManifest.xml:55:13-44
86            android:exported="false"
86-->src\main\AndroidManifest.xml:56:13-37
87            android:screenOrientation="portrait" >
87-->src\main\AndroidManifest.xml:57:13-49
88            <meta-data
88-->src\main\AndroidManifest.xml:21:13-23:36
89                android:name="android.app.lib_name"
89-->src\main\AndroidManifest.xml:22:17-52
90                android:value="" />
90-->src\main\AndroidManifest.xml:23:17-33
91        </activity>
92        <activity
92-->src\main\AndroidManifest.xml:62:9-69:20
93            android:name="com.example.financiapp.MainActivityCE"
93-->src\main\AndroidManifest.xml:63:13-43
94            android:exported="false"
94-->src\main\AndroidManifest.xml:64:13-37
95            android:screenOrientation="portrait" >
95-->src\main\AndroidManifest.xml:65:13-49
96            <meta-data
96-->src\main\AndroidManifest.xml:21:13-23:36
97                android:name="android.app.lib_name"
97-->src\main\AndroidManifest.xml:22:17-52
98                android:value="" />
98-->src\main\AndroidManifest.xml:23:17-33
99        </activity>
100        <activity
100-->src\main\AndroidManifest.xml:70:9-77:20
101            android:name="com.example.financiapp.MainActivitySIM"
101-->src\main\AndroidManifest.xml:71:13-44
102            android:exported="false"
102-->src\main\AndroidManifest.xml:72:13-37
103            android:screenOrientation="portrait" >
103-->src\main\AndroidManifest.xml:73:13-49
104            <meta-data
104-->src\main\AndroidManifest.xml:21:13-23:36
105                android:name="android.app.lib_name"
105-->src\main\AndroidManifest.xml:22:17-52
106                android:value="" />
106-->src\main\AndroidManifest.xml:23:17-33
107        </activity>
108        <activity
108-->src\main\AndroidManifest.xml:78:9-85:20
109            android:name="com.example.financiapp.MainActivityDOC"
109-->src\main\AndroidManifest.xml:79:13-44
110            android:exported="false"
110-->src\main\AndroidManifest.xml:80:13-37
111            android:screenOrientation="portrait" >
111-->src\main\AndroidManifest.xml:81:13-49
112            <meta-data
112-->src\main\AndroidManifest.xml:21:13-23:36
113                android:name="android.app.lib_name"
113-->src\main\AndroidManifest.xml:22:17-52
114                android:value="" />
114-->src\main\AndroidManifest.xml:23:17-33
115        </activity>
116        <activity
116-->src\main\AndroidManifest.xml:86:9-93:20
117            android:name="com.example.financiapp.MainActivityEI"
117-->src\main\AndroidManifest.xml:87:13-43
118            android:exported="false"
118-->src\main\AndroidManifest.xml:88:13-37
119            android:screenOrientation="portrait" >
119-->src\main\AndroidManifest.xml:89:13-49
120            <meta-data
120-->src\main\AndroidManifest.xml:21:13-23:36
121                android:name="android.app.lib_name"
121-->src\main\AndroidManifest.xml:22:17-52
122                android:value="" />
122-->src\main\AndroidManifest.xml:23:17-33
123        </activity>
124        <activity
124-->src\main\AndroidManifest.xml:94:9-107:20
125            android:name="com.example.financiapp.MainActivity"
125-->src\main\AndroidManifest.xml:95:13-41
126            android:exported="true"
126-->src\main\AndroidManifest.xml:96:13-36
127            android:screenOrientation="portrait" >
127-->src\main\AndroidManifest.xml:97:13-49
128            <intent-filter>
128-->src\main\AndroidManifest.xml:98:13-102:29
129                <action android:name="android.intent.action.MAIN" />
129-->src\main\AndroidManifest.xml:49:17-69
129-->src\main\AndroidManifest.xml:49:25-66
130
131                <category android:name="android.intent.category.DEFAULT" />
131-->src\main\AndroidManifest.xml:101:17-76
131-->src\main\AndroidManifest.xml:101:27-73
132            </intent-filter>
133
134            <meta-data
134-->src\main\AndroidManifest.xml:21:13-23:36
135                android:name="android.app.lib_name"
135-->src\main\AndroidManifest.xml:22:17-52
136                android:value="" />
136-->src\main\AndroidManifest.xml:23:17-33
137        </activity>
138
139        <meta-data
139-->src\main\AndroidManifest.xml:109:9-111:57
140            android:name="preloaded_fonts"
140-->src\main\AndroidManifest.xml:110:13-43
141            android:resource="@array/preloaded_fonts" />
141-->src\main\AndroidManifest.xml:111:13-54
142
143        <provider
143-->src\main\AndroidManifest.xml:113:9-122:20
144            android:name="androidx.core.content.FileProvider"
144-->src\main\AndroidManifest.xml:114:13-62
145            android:authorities="financiapp.fileprovider"
145-->src\main\AndroidManifest.xml:115:13-58
146            android:exported="false"
146-->src\main\AndroidManifest.xml:116:13-37
147            android:grantUriPermissions="true" >
147-->src\main\AndroidManifest.xml:117:13-47
148            <meta-data
148-->src\main\AndroidManifest.xml:119:13-121:54
149                android:name="android.support.FILE_PROVIDER_PATHS"
149-->src\main\AndroidManifest.xml:120:17-67
150                android:resource="@xml/file_paths" />
150-->src\main\AndroidManifest.xml:121:17-51
151        </provider>
152
153        <service
153-->[com.google.firebase:firebase-firestore:25.0.0] AndroidManifest.xml:14:9-23:19
154            android:name="com.google.firebase.components.ComponentDiscoveryService"
154-->[com.google.firebase:firebase-firestore:25.0.0] AndroidManifest.xml:15:13-84
155            android:directBootAware="true"
155-->[com.google.firebase:firebase-common:21.0.0] AndroidManifest.xml:32:13-43
156            android:exported="false" >
156-->[com.google.firebase:firebase-firestore:25.0.0] AndroidManifest.xml:16:13-37
157            <meta-data
157-->[com.google.firebase:firebase-firestore:25.0.0] AndroidManifest.xml:17:13-19:85
158                android:name="com.google.firebase.components:com.google.firebase.firestore.FirebaseFirestoreKtxRegistrar"
158-->[com.google.firebase:firebase-firestore:25.0.0] AndroidManifest.xml:18:17-122
159                android:value="com.google.firebase.components.ComponentRegistrar" />
159-->[com.google.firebase:firebase-firestore:25.0.0] AndroidManifest.xml:19:17-82
160            <meta-data
160-->[com.google.firebase:firebase-firestore:25.0.0] AndroidManifest.xml:20:13-22:85
161                android:name="com.google.firebase.components:com.google.firebase.firestore.FirestoreRegistrar"
161-->[com.google.firebase:firebase-firestore:25.0.0] AndroidManifest.xml:21:17-111
162                android:value="com.google.firebase.components.ComponentRegistrar" />
162-->[com.google.firebase:firebase-firestore:25.0.0] AndroidManifest.xml:22:17-82
163            <meta-data
163-->[com.google.firebase:firebase-auth:23.0.0] AndroidManifest.xml:69:13-71:85
164                android:name="com.google.firebase.components:com.google.firebase.auth.FirebaseAuthRegistrar"
164-->[com.google.firebase:firebase-auth:23.0.0] AndroidManifest.xml:70:17-109
165                android:value="com.google.firebase.components.ComponentRegistrar" />
165-->[com.google.firebase:firebase-auth:23.0.0] AndroidManifest.xml:71:17-82
166            <meta-data
166-->[com.google.firebase:firebase-database:21.0.0] AndroidManifest.xml:29:13-31:85
167                android:name="com.google.firebase.components:com.google.firebase.database.FirebaseDatabaseKtxRegistrar"
167-->[com.google.firebase:firebase-database:21.0.0] AndroidManifest.xml:30:17-120
168                android:value="com.google.firebase.components.ComponentRegistrar" />
168-->[com.google.firebase:firebase-database:21.0.0] AndroidManifest.xml:31:17-82
169            <meta-data
169-->[com.google.firebase:firebase-database:21.0.0] AndroidManifest.xml:32:13-34:85
170                android:name="com.google.firebase.components:com.google.firebase.database.DatabaseRegistrar"
170-->[com.google.firebase:firebase-database:21.0.0] AndroidManifest.xml:33:17-109
171                android:value="com.google.firebase.components.ComponentRegistrar" />
171-->[com.google.firebase:firebase-database:21.0.0] AndroidManifest.xml:34:17-82
172            <meta-data
172-->[com.google.android.gms:play-services-measurement-api:22.0.0] AndroidManifest.xml:37:13-39:85
173                android:name="com.google.firebase.components:com.google.firebase.analytics.connector.internal.AnalyticsConnectorRegistrar"
173-->[com.google.android.gms:play-services-measurement-api:22.0.0] AndroidManifest.xml:38:17-139
174                android:value="com.google.firebase.components.ComponentRegistrar" />
174-->[com.google.android.gms:play-services-measurement-api:22.0.0] AndroidManifest.xml:39:17-82
175            <meta-data
175-->[com.google.firebase:firebase-installations:18.0.0] AndroidManifest.xml:15:13-17:85
176                android:name="com.google.firebase.components:com.google.firebase.installations.FirebaseInstallationsKtxRegistrar"
176-->[com.google.firebase:firebase-installations:18.0.0] AndroidManifest.xml:16:17-130
177                android:value="com.google.firebase.components.ComponentRegistrar" />
177-->[com.google.firebase:firebase-installations:18.0.0] AndroidManifest.xml:17:17-82
178            <meta-data
178-->[com.google.firebase:firebase-installations:18.0.0] AndroidManifest.xml:18:13-20:85
179                android:name="com.google.firebase.components:com.google.firebase.installations.FirebaseInstallationsRegistrar"
179-->[com.google.firebase:firebase-installations:18.0.0] AndroidManifest.xml:19:17-127
180                android:value="com.google.firebase.components.ComponentRegistrar" />
180-->[com.google.firebase:firebase-installations:18.0.0] AndroidManifest.xml:20:17-82
181            <meta-data
181-->[com.google.firebase:firebase-common-ktx:21.0.0] AndroidManifest.xml:12:13-14:85
182                android:name="com.google.firebase.components:com.google.firebase.ktx.FirebaseCommonLegacyRegistrar"
182-->[com.google.firebase:firebase-common-ktx:21.0.0] AndroidManifest.xml:13:17-116
183                android:value="com.google.firebase.components.ComponentRegistrar" />
183-->[com.google.firebase:firebase-common-ktx:21.0.0] AndroidManifest.xml:14:17-82
184            <meta-data
184-->[com.google.firebase:firebase-common:21.0.0] AndroidManifest.xml:35:13-37:85
185                android:name="com.google.firebase.components:com.google.firebase.FirebaseCommonKtxRegistrar"
185-->[com.google.firebase:firebase-common:21.0.0] AndroidManifest.xml:36:17-109
186                android:value="com.google.firebase.components.ComponentRegistrar" />
186-->[com.google.firebase:firebase-common:21.0.0] AndroidManifest.xml:37:17-82
187        </service>
188
189        <activity
189-->[com.google.firebase:firebase-auth:23.0.0] AndroidManifest.xml:29:9-46:20
190            android:name="com.google.firebase.auth.internal.GenericIdpActivity"
190-->[com.google.firebase:firebase-auth:23.0.0] AndroidManifest.xml:30:13-80
191            android:excludeFromRecents="true"
191-->[com.google.firebase:firebase-auth:23.0.0] AndroidManifest.xml:31:13-46
192            android:exported="true"
192-->[com.google.firebase:firebase-auth:23.0.0] AndroidManifest.xml:32:13-36
193            android:launchMode="singleTask"
193-->[com.google.firebase:firebase-auth:23.0.0] AndroidManifest.xml:33:13-44
194            android:theme="@android:style/Theme.Translucent.NoTitleBar" >
194-->[com.google.firebase:firebase-auth:23.0.0] AndroidManifest.xml:34:13-72
195            <intent-filter>
195-->[com.google.firebase:firebase-auth:23.0.0] AndroidManifest.xml:35:13-45:29
196                <action android:name="android.intent.action.VIEW" />
196-->[com.google.firebase:firebase-auth:23.0.0] AndroidManifest.xml:36:17-69
196-->[com.google.firebase:firebase-auth:23.0.0] AndroidManifest.xml:36:25-66
197
198                <category android:name="android.intent.category.DEFAULT" />
198-->src\main\AndroidManifest.xml:101:17-76
198-->src\main\AndroidManifest.xml:101:27-73
199                <category android:name="android.intent.category.BROWSABLE" />
199-->[com.google.firebase:firebase-auth:23.0.0] AndroidManifest.xml:39:17-78
199-->[com.google.firebase:firebase-auth:23.0.0] AndroidManifest.xml:39:27-75
200
201                <data
201-->[com.google.firebase:firebase-auth:23.0.0] AndroidManifest.xml:41:17-44:51
202                    android:host="firebase.auth"
202-->[com.google.firebase:firebase-auth:23.0.0] AndroidManifest.xml:42:21-49
203                    android:path="/"
203-->[com.google.firebase:firebase-auth:23.0.0] AndroidManifest.xml:43:21-37
204                    android:scheme="genericidp" />
204-->[com.google.firebase:firebase-auth:23.0.0] AndroidManifest.xml:44:21-48
205            </intent-filter>
206        </activity>
207        <activity
207-->[com.google.firebase:firebase-auth:23.0.0] AndroidManifest.xml:47:9-64:20
208            android:name="com.google.firebase.auth.internal.RecaptchaActivity"
208-->[com.google.firebase:firebase-auth:23.0.0] AndroidManifest.xml:48:13-79
209            android:excludeFromRecents="true"
209-->[com.google.firebase:firebase-auth:23.0.0] AndroidManifest.xml:49:13-46
210            android:exported="true"
210-->[com.google.firebase:firebase-auth:23.0.0] AndroidManifest.xml:50:13-36
211            android:launchMode="singleTask"
211-->[com.google.firebase:firebase-auth:23.0.0] AndroidManifest.xml:51:13-44
212            android:theme="@android:style/Theme.Translucent.NoTitleBar" >
212-->[com.google.firebase:firebase-auth:23.0.0] AndroidManifest.xml:52:13-72
213            <intent-filter>
213-->[com.google.firebase:firebase-auth:23.0.0] AndroidManifest.xml:53:13-63:29
214                <action android:name="android.intent.action.VIEW" />
214-->[com.google.firebase:firebase-auth:23.0.0] AndroidManifest.xml:36:17-69
214-->[com.google.firebase:firebase-auth:23.0.0] AndroidManifest.xml:36:25-66
215
216                <category android:name="android.intent.category.DEFAULT" />
216-->src\main\AndroidManifest.xml:101:17-76
216-->src\main\AndroidManifest.xml:101:27-73
217                <category android:name="android.intent.category.BROWSABLE" />
217-->[com.google.firebase:firebase-auth:23.0.0] AndroidManifest.xml:39:17-78
217-->[com.google.firebase:firebase-auth:23.0.0] AndroidManifest.xml:39:27-75
218
219                <data
219-->[com.google.firebase:firebase-auth:23.0.0] AndroidManifest.xml:41:17-44:51
220                    android:host="firebase.auth"
220-->[com.google.firebase:firebase-auth:23.0.0] AndroidManifest.xml:42:21-49
221                    android:path="/"
221-->[com.google.firebase:firebase-auth:23.0.0] AndroidManifest.xml:43:21-37
222                    android:scheme="recaptcha" />
222-->[com.google.firebase:firebase-auth:23.0.0] AndroidManifest.xml:44:21-48
223            </intent-filter>
224        </activity>
225
226        <property
226-->[com.google.android.gms:play-services-measurement-api:22.0.0] AndroidManifest.xml:30:9-32:61
227            android:name="android.adservices.AD_SERVICES_CONFIG"
227-->[com.google.android.gms:play-services-measurement-api:22.0.0] AndroidManifest.xml:31:13-65
228            android:resource="@xml/ga_ad_services_config" />
228-->[com.google.android.gms:play-services-measurement-api:22.0.0] AndroidManifest.xml:32:13-58
229
230        <provider
230-->[com.google.firebase:firebase-common:21.0.0] AndroidManifest.xml:23:9-28:39
231            android:name="com.google.firebase.provider.FirebaseInitProvider"
231-->[com.google.firebase:firebase-common:21.0.0] AndroidManifest.xml:24:13-77
232            android:authorities="com.example.financiapp.firebaseinitprovider"
232-->[com.google.firebase:firebase-common:21.0.0] AndroidManifest.xml:25:13-72
233            android:directBootAware="true"
233-->[com.google.firebase:firebase-common:21.0.0] AndroidManifest.xml:26:13-43
234            android:exported="false"
234-->[com.google.firebase:firebase-common:21.0.0] AndroidManifest.xml:27:13-37
235            android:initOrder="100" />
235-->[com.google.firebase:firebase-common:21.0.0] AndroidManifest.xml:28:13-36
236
237        <service
237-->[androidx.credentials:credentials-play-services-auth:1.2.0-rc01] AndroidManifest.xml:24:9-32:19
238            android:name="androidx.credentials.playservices.CredentialProviderMetadataHolder"
238-->[androidx.credentials:credentials-play-services-auth:1.2.0-rc01] AndroidManifest.xml:25:13-94
239            android:enabled="true"
239-->[androidx.credentials:credentials-play-services-auth:1.2.0-rc01] AndroidManifest.xml:26:13-35
240            android:exported="false" >
240-->[androidx.credentials:credentials-play-services-auth:1.2.0-rc01] AndroidManifest.xml:27:13-37
241            <meta-data
241-->[androidx.credentials:credentials-play-services-auth:1.2.0-rc01] AndroidManifest.xml:29:13-31:104
242                android:name="androidx.credentials.CREDENTIAL_PROVIDER_KEY"
242-->[androidx.credentials:credentials-play-services-auth:1.2.0-rc01] AndroidManifest.xml:30:17-76
243                android:value="androidx.credentials.playservices.CredentialProviderPlayServicesImpl" />
243-->[androidx.credentials:credentials-play-services-auth:1.2.0-rc01] AndroidManifest.xml:31:17-101
244        </service>
245
246        <activity
246-->[androidx.credentials:credentials-play-services-auth:1.2.0-rc01] AndroidManifest.xml:34:9-41:20
247            android:name="androidx.credentials.playservices.HiddenActivity"
247-->[androidx.credentials:credentials-play-services-auth:1.2.0-rc01] AndroidManifest.xml:35:13-76
248            android:configChanges="orientation|screenSize|screenLayout|keyboardHidden"
248-->[androidx.credentials:credentials-play-services-auth:1.2.0-rc01] AndroidManifest.xml:36:13-87
249            android:enabled="true"
249-->[androidx.credentials:credentials-play-services-auth:1.2.0-rc01] AndroidManifest.xml:37:13-35
250            android:exported="false"
250-->[androidx.credentials:credentials-play-services-auth:1.2.0-rc01] AndroidManifest.xml:38:13-37
251            android:fitsSystemWindows="true"
251-->[androidx.credentials:credentials-play-services-auth:1.2.0-rc01] AndroidManifest.xml:39:13-45
252            android:theme="@style/Theme.Hidden" >
252-->[androidx.credentials:credentials-play-services-auth:1.2.0-rc01] AndroidManifest.xml:40:13-48
253        </activity>
254        <activity
254-->[com.google.android.gms:play-services-auth:20.7.0] AndroidManifest.xml:23:9-27:75
255            android:name="com.google.android.gms.auth.api.signin.internal.SignInHubActivity"
255-->[com.google.android.gms:play-services-auth:20.7.0] AndroidManifest.xml:24:13-93
256            android:excludeFromRecents="true"
256-->[com.google.android.gms:play-services-auth:20.7.0] AndroidManifest.xml:25:13-46
257            android:exported="false"
257-->[com.google.android.gms:play-services-auth:20.7.0] AndroidManifest.xml:26:13-37
258            android:theme="@android:style/Theme.Translucent.NoTitleBar" />
258-->[com.google.android.gms:play-services-auth:20.7.0] AndroidManifest.xml:27:13-72
259        <!--
260            Service handling Google Sign-In user revocation. For apps that do not integrate with
261            Google Sign-In, this service will never be started.
262        -->
263        <service
263-->[com.google.android.gms:play-services-auth:20.7.0] AndroidManifest.xml:33:9-37:51
264            android:name="com.google.android.gms.auth.api.signin.RevocationBoundService"
264-->[com.google.android.gms:play-services-auth:20.7.0] AndroidManifest.xml:34:13-89
265            android:exported="true"
265-->[com.google.android.gms:play-services-auth:20.7.0] AndroidManifest.xml:35:13-36
266            android:permission="com.google.android.gms.auth.api.signin.permission.REVOCATION_NOTIFICATION"
266-->[com.google.android.gms:play-services-auth:20.7.0] AndroidManifest.xml:36:13-107
267            android:visibleToInstantApps="true" />
267-->[com.google.android.gms:play-services-auth:20.7.0] AndroidManifest.xml:37:13-48
268
269        <activity
269-->[com.google.android.gms:play-services-base:18.1.0] AndroidManifest.xml:20:9-22:45
270            android:name="com.google.android.gms.common.api.GoogleApiActivity"
270-->[com.google.android.gms:play-services-base:18.1.0] AndroidManifest.xml:20:19-85
271            android:exported="false"
271-->[com.google.android.gms:play-services-base:18.1.0] AndroidManifest.xml:22:19-43
272            android:theme="@android:style/Theme.Translucent.NoTitleBar" />
272-->[com.google.android.gms:play-services-base:18.1.0] AndroidManifest.xml:21:19-78
273
274        <provider
274-->[androidx.emoji2:emoji2:1.2.0] AndroidManifest.xml:24:9-32:20
275            android:name="androidx.startup.InitializationProvider"
275-->[androidx.emoji2:emoji2:1.2.0] AndroidManifest.xml:25:13-67
276            android:authorities="com.example.financiapp.androidx-startup"
276-->[androidx.emoji2:emoji2:1.2.0] AndroidManifest.xml:26:13-68
277            android:exported="false" >
277-->[androidx.emoji2:emoji2:1.2.0] AndroidManifest.xml:27:13-37
278            <meta-data
278-->[androidx.emoji2:emoji2:1.2.0] AndroidManifest.xml:29:13-31:52
279                android:name="androidx.emoji2.text.EmojiCompatInitializer"
279-->[androidx.emoji2:emoji2:1.2.0] AndroidManifest.xml:30:17-75
280                android:value="androidx.startup" />
280-->[androidx.emoji2:emoji2:1.2.0] AndroidManifest.xml:31:17-49
281            <meta-data
281-->[androidx.lifecycle:lifecycle-process:2.6.1] AndroidManifest.xml:29:13-31:52
282                android:name="androidx.lifecycle.ProcessLifecycleInitializer"
282-->[androidx.lifecycle:lifecycle-process:2.6.1] AndroidManifest.xml:30:17-78
283                android:value="androidx.startup" />
283-->[androidx.lifecycle:lifecycle-process:2.6.1] AndroidManifest.xml:31:17-49
284            <meta-data
284-->[androidx.profileinstaller:profileinstaller:1.3.0] AndroidManifest.xml:29:13-31:52
285                android:name="androidx.profileinstaller.ProfileInstallerInitializer"
285-->[androidx.profileinstaller:profileinstaller:1.3.0] AndroidManifest.xml:30:17-85
286                android:value="androidx.startup" />
286-->[androidx.profileinstaller:profileinstaller:1.3.0] AndroidManifest.xml:31:17-49
287        </provider>
288
289        <receiver